New log file opened at Wed Dec 16 18:01:37 EST 2015 by 58742@Robs-MacBook-Pro.local
Taking next connection to: 58545
New client attempting to connect on port: 58546-58545
  Address = /192.168.2.31:58545
This client on port 58546 has uuid d3e0c886-be18-4686-8f61-d53392cb39af configName activator humanReadableName Activator protocolVersion 3 featureTags Vector()
Connected Clients: activator-d3e0c886-be18-4686-8f61-d53392cb39af
Taking next connection to: 58545
Checking to see if clients are empty...
We have 1 non-daemon clients, continuing serving connections.
Taking next connection to: 58545
New client attempting to connect on port: 58738-58545
  Address = /192.168.2.31:58545
Handshake exception on socket: 58738
sbt.impl.ipc.HandshakeException: Unable to perform handshake
	at sbt.impl.ipc.Peer.handshake(IPC.scala:46)
	at sbt.impl.ipc.MultiClientServer.<init>(IPC.scala:150)
	at sbt.server.SbtServerSocketHandler$$anon$1.run(SbtServerSocketHandler.scala:43)
Caused by: java.net.SocketException: Connection reset
	at java.net.SocketInputStream.read(SocketInputStream.java:189)
	at java.net.SocketInputStream.read(SocketInputStream.java:121)
	at java.io.BufferedInputStream.fill(BufferedInputStream.java:246)
	at java.io.BufferedInputStream.read(BufferedInputStream.java:265)
	at java.io.DataInputStream.readInt(DataInputStream.java:387)
	at sbt.impl.ipc.Peer.receive(IPC.scala:95)
	at sbt.impl.ipc.Peer.handshake(IPC.scala:49)
	... 2 more
Taking next connection to: 58545
New client attempting to connect on port: 58739-58545
  Address = /192.168.2.31:58545
This client on port 58739 has uuid 2da15f36-f3a6-4fbf-87e5-a4a1b6992353 configName play-fork-run humanReadableName Play Fork Run protocolVersion 1 featureTags Vector()
Connected Clients: activator-d3e0c886-be18-4686-8f61-d53392cb39af, play-fork-run-2da15f36-f3a6-4fbf-87e5-a4a1b6992353
Taking next connection to: 58545
Checking to see if clients are empty...
We have 1 non-daemon clients, continuing serving connections.
Taking next connection to: 58545
Checking to see if clients are empty...
We have 1 non-daemon clients, continuing serving connections.
Taking next connection to: 58545
Checking to see if clients are empty...
We have 1 non-daemon clients, continuing serving connections.
Taking next connection to: 58545
Checking to see if clients are empty...
We have 1 non-daemon clients, continuing serving connections.
Taking next connection to: 58545
