New log file opened at Wed Nov 18 17:11:33 EST 2015 by 84577@dyn-160-39-231-97.dyn.columbia.edu
jvm 84577@dyn-160-39-231-97.dyn.columbia.edu
jvm vmName=Java HotSpot(TM) 64-Bit Server VM vmVendor=Oracle Corporation vmVersion=25.20-b23
jvm specName=Java Virtual Machine Specification specVendor=Oracle Corporation specVersion=1.8
jvm arguments: [-Xms256m, -Xmx1024m, -XX:MetaspaceSize=64m, -XX:MaxMetaspaceSize=256m]
Starting event engine
Starting sbt command engine
Waiting for sbt command engine
Command engine arguments=List()
Command engine baseDirectory=/Users/Rob/code/xdojo/artdojo/firstapp
Command engine initial remaining commands List(--initialize, onFailure load-failed, boot, server-send-ready-for-request, server-handle-next-server-request)
> --initialize
> initialize
> onFailure load-failed
> boot
> reload
[Loading] Scanning directory /Users/Rob/code/xdojo/artdojo/firstapp/project
[Loading] Found non-root projects 
[Loading] Done in /Users/Rob/code/xdojo/artdojo/firstapp/project, returning: ()
deducing auto plugins based on known facts Set(Atom(sbt.plugins.CorePlugin)) and clauses Clauses(List(Clause(Atom(sbt.plugins.JvmPlugin),Set(Atom(sbt.plugins.IvyPlugin))), Clause(Atom(sbt.plugins.JUnitXmlReportPlugin),Set(Atom(sbt.plugins.JvmPlugin))), Clause(Atom(sbt.plugins.CorePlugin),Set(Atom(sbt.plugins.IvyPlugin))), Clause(Atom(sbt.plugins.IvyPlugin),Set(Atom(sbt.plugins.JvmPlugin))), Clause(Atom(sbt.plugins.JvmPlugin),Set(Atom(sbt.plugins.JUnitXmlReportPlugin)))))
  :: deduced result: Matched(sbt.plugins.CorePlugin,sbt.plugins.IvyPlugin,sbt.plugins.JvmPlugin,sbt.plugins.JUnitXmlReportPlugin)
sorting: ns: List(sbt.plugins.CorePlugin, sbt.plugins.IvyPlugin, sbt.plugins.JvmPlugin, sbt.plugins.JUnitXmlReportPlugin)
  :: sorting:: found: List(sbt.plugins.CorePlugin) not found List(sbt.plugins.IvyPlugin, sbt.plugins.JvmPlugin, sbt.plugins.JUnitXmlReportPlugin)
  :: sorting:: found: List(sbt.plugins.CorePlugin, sbt.plugins.IvyPlugin) not found List(sbt.plugins.JvmPlugin, sbt.plugins.JUnitXmlReportPlugin)
  :: sorting:: found: List(sbt.plugins.CorePlugin, sbt.plugins.IvyPlugin, sbt.plugins.JvmPlugin) not found List(sbt.plugins.JUnitXmlReportPlugin)
  :: sorting:: found: List(sbt.plugins.CorePlugin, sbt.plugins.IvyPlugin, sbt.plugins.JvmPlugin, sbt.plugins.JUnitXmlReportPlugin) not found List()
  :: sorted deduced result: List(sbt.plugins.CorePlugin, sbt.plugins.IvyPlugin, sbt.plugins.JvmPlugin, sbt.plugins.JUnitXmlReportPlugin)
[Loading] Done in /Users/Rob/code/xdojo/artdojo/firstapp/project, returning: (firstapp-build)
Loading project definition from /Users/Rob/code/xdojo/artdojo/firstapp/project
Running task... Cancel: sbt.TaskCancellationStrategy$Null$@dbf8bc8, check cycles: false

Initial source changes: 
	removed:Set()
	added: Set()
	modified: Set()
Removed products: Set()
External API changes: API Changes: Set()
Modified binary dependencies: Set()
Initial directly invalidated sources: Set()

Sources indirectly invalidated by:
	product: Set()
	binary dep: Set()
	external source: Set()
All initially invalidated sources: Set()

Copy resource mappings: 
	
[Loading] Scanning directory /Users/Rob/code/xdojo/artdojo/firstapp
[Loading] Found root project root w/ remaining 
deducing auto plugins based on known facts Set(Atom(play.sbt.PlayJava), Atom(play.ebean.sbt.PlayEbean), Atom(sbt.plugins.CorePlugin)) and clauses Clauses(List(Clause(Atom(sbt.plugins.JvmPlugin),Set(Atom(sbt.plugins.IvyPlugin))), Clause(Atom(sbt.plugins.JUnitXmlReportPlugin),Set(Atom(sbt.plugins.JvmPlugin))), Clause(Atom(play.sbt.forkrun.PlayForkRun),Set(Atom(sbt.plugins.BackgroundRunPlugin))), Clause(Atom(play.sbt.forkrun.PlayForkRun),Set(Atom(play.sbt.Play))), Clause(Atom(play.sbt.forkrun.PlayForkRun),Set(Atom(sbt.plugins.SerializersPlugin))), Clause(Atom(play.sbt.Play),Set(Atom(com.typesafe.sbt.packager.archetypes.JavaServerAppPackaging))), Clause(Atom(play.sbt.Play),Set(Atom(play.sbt.routes.RoutesCompiler))), Clause(Atom(play.sbt.Play),Set(Atom(play.twirl.sbt.SbtTwirl))), Clause(Atom(play.sbt.Play),Set(Atom(com.typesafe.sbt.jse.SbtJsTask))), Clause(Atom(play.sbt.PlayAkkaHttpServer),Set(Atom(play.sbt.Play))), Clause(Atom(play.sbt.PlayJava),Set(Atom(play.sbt.Play))), Clause(Atom(play.sbt.PlayLayoutPlugin),Set(Atom(play.sbt.Play))), Clause(Atom(play.sbt.PlayNettyServer),Set(Atom(play.sbt.Play))), Clause(Atom(play.sbt.PlayScala),Set(Atom(play.sbt.Play))), Clause(Atom(play.sbt.routes.RoutesCompiler),Set(Atom(sbt.plugins.JvmPlugin))), Clause(Atom(play.twirl.sbt.SbtTwirl),Set(Atom(sbt.plugins.JvmPlugin))), Clause(Atom(com.typesafe.sbt.packager.archetypes.AkkaAppPackaging),Set(Atom(com.typesafe.sbt.packager.archetypes.JavaAppPackaging))), Clause(Atom(com.typesafe.sbt.packager.archetypes.JavaAppPackaging),Set(Atom(com.typesafe.sbt.packager.windows.WindowsPlugin))), Clause(Atom(com.typesafe.sbt.packager.archetypes.JavaAppPackaging),Set(Atom(com.typesafe.sbt.packager.docker.DockerPlugin))), Clause(Atom(com.typesafe.sbt.packager.archetypes.JavaAppPackaging),Set(Atom(com.typesafe.sbt.packager.debian.DebianPlugin))), Clause(Atom(com.typesafe.sbt.packager.archetypes.JavaAppPackaging),Set(Atom(com.typesafe.sbt.packager.rpm.RpmPlugin))), Clause(Atom(com.typesafe.sbt.packager.archetypes.JavaServerAppPackaging),Set(Atom(com.typesafe.sbt.packager.archetypes.JavaAppPackaging))), Clause(Atom(com.typesafe.sbt.packager.archetypes.jar.ClasspathJarPlugin),Set(Atom(com.typesafe.sbt.packager.archetypes.JavaAppPackaging))), Clause(Atom(com.typesafe.sbt.packager.archetypes.jar.LauncherJarPlugin),Set(Atom(com.typesafe.sbt.packager.archetypes.JavaAppPackaging))), Clause(Atom(com.typesafe.sbt.packager.debian.DebianDeployPlugin),Set(Atom(com.typesafe.sbt.packager.debian.DebianPlugin))), Clause(Atom(com.typesafe.sbt.packager.debian.DebianPlugin),Set(Atom(com.typesafe.sbt.packager.linux.LinuxPlugin))), Clause(Atom(com.typesafe.sbt.packager.debian.JDebPackaging),Set(Atom(com.typesafe.sbt.packager.debian.DebianPlugin))), Clause(Atom(com.typesafe.sbt.packager.docker.DockerPlugin),Set(Atom(com.typesafe.sbt.packager.universal.UniversalPlugin))), Clause(Atom(com.typesafe.sbt.packager.jdkpackager.JDKPackagerDeployPlugin),Set(Atom(com.typesafe.sbt.packager.jdkpackager.JDKPackagerPlugin))), Clause(Atom(com.typesafe.sbt.packager.jdkpackager.JDKPackagerPlugin),Set(Atom(com.typesafe.sbt.packager.archetypes.JavaAppPackaging))), Clause(Atom(com.typesafe.sbt.packager.jdkpackager.JDKPackagerPlugin),Set(Atom(com.typesafe.sbt.packager.archetypes.jar.ClasspathJarPlugin))), Clause(Atom(com.typesafe.sbt.packager.linux.LinuxPlugin),Set(Atom(com.typesafe.sbt.packager.universal.UniversalPlugin))), Clause(Atom(com.typesafe.sbt.packager.rpm.RpmDeployPlugin),Set(Atom(com.typesafe.sbt.packager.rpm.RpmPlugin))), Clause(Atom(com.typesafe.sbt.packager.rpm.RpmPlugin),Set(Atom(com.typesafe.sbt.packager.linux.LinuxPlugin))), Clause(Atom(com.typesafe.sbt.packager.universal.UniversalDeployPlugin),Set(Atom(com.typesafe.sbt.packager.universal.UniversalPlugin))), Clause(Atom(com.typesafe.sbt.packager.universal.UniversalPlugin),Set(Atom(com.typesafe.sbt.SbtNativePackager))), Clause(Atom(com.typesafe.sbt.packager.windows.WindowsDeployPlugin),Set(Atom(com.typesafe.sbt.packager.windows.WindowsPlugin))), Clause(Atom(com.typesafe.sbt.packager.windows.WindowsPlugin),Set(Atom(com.typesafe.sbt.packager.universal.UniversalPlugin))), Clause(Atom(com.typesafe.sbt.web.SbtWeb),Set(Atom(sbt.plugins.JvmPlugin))), Clause(Atom(com.typesafe.sbt.jse.SbtJsEngine),Set(Atom(com.typesafe.sbt.web.SbtWeb))), Clause(Atom(com.typesafe.sbt.jse.SbtJsTask),Set(Atom(com.typesafe.sbt.jse.SbtJsEngine))), Clause(Atom(sbt.plugins.BackgroundRunPlugin),Set(Atom(sbt.plugins.JvmPlugin))), Clause(Atom(com.typesafe.sbt.coffeescript.SbtCoffeeScript),Set(Atom(com.typesafe.sbt.jse.SbtJsTask))), Clause(Atom(com.typesafe.sbt.less.SbtLess),Set(Atom(com.typesafe.sbt.jse.SbtJsTask))), Clause(Atom(com.typesafe.sbt.jshint.SbtJSHint),Set(Atom(com.typesafe.sbt.jse.SbtJsTask))), Clause(Atom(com.typesafe.sbt.rjs.SbtRjs),Set(Atom(com.typesafe.sbt.jse.SbtJsTask))), Clause(Atom(com.typesafe.sbt.digest.SbtDigest),Set(Atom(com.typesafe.sbt.web.SbtWeb))), Clause(Atom(com.typesafe.sbt.mocha.SbtMocha),Set(Atom(com.typesafe.sbt.jse.SbtJsTask))), Clause(Atom(com.typesafe.play.sbt.enhancer.PlayEnhancer),Set(Atom(sbt.plugins.JvmPlugin))), Clause(Atom(play.ebean.sbt.PlayEbean),Set(Atom(com.typesafe.play.sbt.enhancer.PlayEnhancer))), Clause(Atom(sbt.plugins.CorePlugin),Set(Atom(sbt.plugins.IvyPlugin))), Clause(Atom(sbt.plugins.IvyPlugin),Set(Atom(sbt.plugins.JvmPlugin))), Clause(Atom(sbt.plugins.JvmPlugin),Set(Atom(sbt.plugins.JUnitXmlReportPlugin))), Clause(And(Set(Atom(sbt.plugins.BackgroundRunPlugin), Atom(play.sbt.Play), Atom(sbt.plugins.SerializersPlugin))),Set(Atom(play.sbt.forkrun.PlayForkRun))), Clause(Atom(play.sbt.Play),Set(Atom(play.sbt.PlayLayoutPlugin))), Clause(Atom(play.sbt.Play),Set(Atom(play.sbt.PlayNettyServer))), Clause(Atom(com.typesafe.sbt.web.SbtWeb),Set(Atom(com.typesafe.sbt.jse.SbtJsEngine))), Clause(Atom(com.typesafe.sbt.jse.SbtJsEngine),Set(Atom(com.typesafe.sbt.jse.SbtJsTask))), Clause(Atom(sbt.plugins.JvmPlugin),Set(Atom(sbt.plugins.BackgroundRunPlugin))), Clause(Atom(sbt.plugins.CorePlugin),Set(Atom(sbt.plugins.InteractionServicePlugin))), Clause(Atom(sbt.plugins.CorePlugin),Set(Atom(sbt.plugins.SendEventServicePlugin))), Clause(Atom(sbt.plugins.CorePlugin),Set(Atom(sbt.plugins.SerializersPlugin))), Clause(Atom(com.typesafe.sbt.jse.SbtJsTask),Set(Atom(com.typesafe.sbt.coffeescript.SbtCoffeeScript))), Clause(Atom(com.typesafe.sbt.jse.SbtJsTask),Set(Atom(com.typesafe.sbt.less.SbtLess))), Clause(Atom(com.typesafe.sbt.jse.SbtJsTask),Set(Atom(com.typesafe.sbt.jshint.SbtJSHint))), Clause(Atom(com.typesafe.sbt.jse.SbtJsTask),Set(Atom(com.typesafe.sbt.rjs.SbtRjs))), Clause(Atom(com.typesafe.sbt.web.SbtWeb),Set(Atom(com.typesafe.sbt.digest.SbtDigest))), Clause(Atom(com.typesafe.sbt.jse.SbtJsTask),Set(Atom(com.typesafe.sbt.mocha.SbtMocha))), Clause(Atom(sbt.plugins.JvmPlugin),Set(Atom(com.typesafe.play.sbt.enhancer.PlayEnhancer)))))
  :: deduced result: Matched(sbt.plugins.CorePlugin,play.ebean.sbt.PlayEbean,play.sbt.PlayJava,com.typesafe.play.sbt.enhancer.PlayEnhancer,sbt.plugins.InteractionServicePlugin,sbt.plugins.SendEventServicePlugin,play.sbt.Play,sbt.plugins.SerializersPlugin,sbt.plugins.IvyPlugin,com.typesafe.sbt.packager.archetypes.JavaServerAppPackaging,play.twirl.sbt.SbtTwirl,sbt.plugins.JvmPlugin,play.sbt.PlayNettyServer,play.sbt.PlayLayoutPlugin,play.sbt.routes.RoutesCompiler,com.typesafe.sbt.jse.SbtJsTask,com.typesafe.sbt.jshint.SbtJSHint,com.typesafe.sbt.packager.archetypes.JavaAppPackaging,sbt.plugins.JUnitXmlReportPlugin,com.typesafe.sbt.mocha.SbtMocha,com.typesafe.sbt.less.SbtLess,com.typesafe.sbt.rjs.SbtRjs,com.typesafe.sbt.jse.SbtJsEngine,com.typesafe.sbt.coffeescript.SbtCoffeeScript,sbt.plugins.BackgroundRunPlugin,com.typesafe.sbt.packager.rpm.RpmPlugin,com.typesafe.sbt.packager.windows.WindowsPlugin,com.typesafe.sbt.web.SbtWeb,com.typesafe.sbt.packager.docker.DockerPlugin,play.sbt.forkrun.PlayForkRun,com.typesafe.sbt.packager.debian.DebianPlugin,com.typesafe.sbt.digest.SbtDigest,com.typesafe.sbt.packager.universal.UniversalPlugin,com.typesafe.sbt.packager.linux.LinuxPlugin,com.typesafe.sbt.SbtNativePackager)
sorting: ns: List(sbt.plugins.CorePlugin, play.ebean.sbt.PlayEbean, play.sbt.PlayJava, com.typesafe.play.sbt.enhancer.PlayEnhancer, sbt.plugins.InteractionServicePlugin, sbt.plugins.SendEventServicePlugin, play.sbt.Play, sbt.plugins.SerializersPlugin, sbt.plugins.IvyPlugin, com.typesafe.sbt.packager.archetypes.JavaServerAppPackaging, play.twirl.sbt.SbtTwirl, sbt.plugins.JvmPlugin, play.sbt.PlayNettyServer, play.sbt.PlayLayoutPlugin, play.sbt.routes.RoutesCompiler, com.typesafe.sbt.jse.SbtJsTask, com.typesafe.sbt.jshint.SbtJSHint, com.typesafe.sbt.packager.archetypes.JavaAppPackaging, sbt.plugins.JUnitXmlReportPlugin, com.typesafe.sbt.mocha.SbtMocha, com.typesafe.sbt.less.SbtLess, com.typesafe.sbt.rjs.SbtRjs, com.typesafe.sbt.jse.SbtJsEngine, com.typesafe.sbt.coffeescript.SbtCoffeeScript, sbt.plugins.BackgroundRunPlugin, com.typesafe.sbt.packager.rpm.RpmPlugin, com.typesafe.sbt.packager.windows.WindowsPlugin, com.typesafe.sbt.web.SbtWeb, com.typesafe.sbt.packager.docker.DockerPlugin, play.sbt.forkrun.PlayForkRun, com.typesafe.sbt.packager.debian.DebianPlugin, com.typesafe.sbt.digest.SbtDigest, com.typesafe.sbt.packager.universal.UniversalPlugin, com.typesafe.sbt.packager.linux.LinuxPlugin, com.typesafe.sbt.SbtNativePackager)
  :: sorting:: found: List(sbt.plugins.CorePlugin, com.typesafe.sbt.SbtNativePackager) not found List(play.ebean.sbt.PlayEbean, play.sbt.PlayJava, com.typesafe.play.sbt.enhancer.PlayEnhancer, sbt.plugins.InteractionServicePlugin, sbt.plugins.SendEventServicePlugin, play.sbt.Play, sbt.plugins.SerializersPlugin, sbt.plugins.IvyPlugin, com.typesafe.sbt.packager.archetypes.JavaServerAppPackaging, play.twirl.sbt.SbtTwirl, sbt.plugins.JvmPlugin, play.sbt.PlayNettyServer, play.sbt.PlayLayoutPlugin, play.sbt.routes.RoutesCompiler, com.typesafe.sbt.jse.SbtJsTask, com.typesafe.sbt.jshint.SbtJSHint, com.typesafe.sbt.packager.archetypes.JavaAppPackaging, sbt.plugins.JUnitXmlReportPlugin, com.typesafe.sbt.mocha.SbtMocha, com.typesafe.sbt.less.SbtLess, com.typesafe.sbt.rjs.SbtRjs, com.typesafe.sbt.jse.SbtJsEngine, com.typesafe.sbt.coffeescript.SbtCoffeeScript, sbt.plugins.BackgroundRunPlugin, com.typesafe.sbt.packager.rpm.RpmPlugin, com.typesafe.sbt.packager.windows.WindowsPlugin, com.typesafe.sbt.web.SbtWeb, com.typesafe.sbt.packager.docker.DockerPlugin, play.sbt.forkrun.PlayForkRun, com.typesafe.sbt.packager.debian.DebianPlugin, com.typesafe.sbt.digest.SbtDigest, com.typesafe.sbt.packager.universal.UniversalPlugin, com.typesafe.sbt.packager.linux.LinuxPlugin)
  :: sorting:: found: List(sbt.plugins.CorePlugin, com.typesafe.sbt.SbtNativePackager, sbt.plugins.InteractionServicePlugin, sbt.plugins.SendEventServicePlugin, sbt.plugins.SerializersPlugin, sbt.plugins.IvyPlugin, com.typesafe.sbt.packager.universal.UniversalPlugin) not found List(play.ebean.sbt.PlayEbean, play.sbt.PlayJava, com.typesafe.play.sbt.enhancer.PlayEnhancer, play.sbt.Play, com.typesafe.sbt.packager.archetypes.JavaServerAppPackaging, play.twirl.sbt.SbtTwirl, sbt.plugins.JvmPlugin, play.sbt.PlayNettyServer, play.sbt.PlayLayoutPlugin, play.sbt.routes.RoutesCompiler, com.typesafe.sbt.jse.SbtJsTask, com.typesafe.sbt.jshint.SbtJSHint, com.typesafe.sbt.packager.archetypes.JavaAppPackaging, sbt.plugins.JUnitXmlReportPlugin, com.typesafe.sbt.mocha.SbtMocha, com.typesafe.sbt.less.SbtLess, com.typesafe.sbt.rjs.SbtRjs, com.typesafe.sbt.jse.SbtJsEngine, com.typesafe.sbt.coffeescript.SbtCoffeeScript, sbt.plugins.BackgroundRunPlugin, com.typesafe.sbt.packager.rpm.RpmPlugin, com.typesafe.sbt.packager.windows.WindowsPlugin, com.typesafe.sbt.web.SbtWeb, com.typesafe.sbt.packager.docker.DockerPlugin, play.sbt.forkrun.PlayForkRun, com.typesafe.sbt.packager.debian.DebianPlugin, com.typesafe.sbt.digest.SbtDigest, com.typesafe.sbt.packager.linux.LinuxPlugin)
  :: sorting:: found: List(sbt.plugins.CorePlugin, com.typesafe.sbt.SbtNativePackager, sbt.plugins.InteractionServicePlugin, sbt.plugins.SendEventServicePlugin, sbt.plugins.SerializersPlugin, sbt.plugins.IvyPlugin, com.typesafe.sbt.packager.universal.UniversalPlugin, sbt.plugins.JvmPlugin, com.typesafe.sbt.packager.windows.WindowsPlugin, com.typesafe.sbt.packager.docker.DockerPlugin, com.typesafe.sbt.packager.linux.LinuxPlugin) not found List(play.ebean.sbt.PlayEbean, play.sbt.PlayJava, com.typesafe.play.sbt.enhancer.PlayEnhancer, play.sbt.Play, com.typesafe.sbt.packager.archetypes.JavaServerAppPackaging, play.twirl.sbt.SbtTwirl, play.sbt.PlayNettyServer, play.sbt.PlayLayoutPlugin, play.sbt.routes.RoutesCompiler, com.typesafe.sbt.jse.SbtJsTask, com.typesafe.sbt.jshint.SbtJSHint, com.typesafe.sbt.packager.archetypes.JavaAppPackaging, sbt.plugins.JUnitXmlReportPlugin, com.typesafe.sbt.mocha.SbtMocha, com.typesafe.sbt.less.SbtLess, com.typesafe.sbt.rjs.SbtRjs, com.typesafe.sbt.jse.SbtJsEngine, com.typesafe.sbt.coffeescript.SbtCoffeeScript, sbt.plugins.BackgroundRunPlugin, com.typesafe.sbt.packager.rpm.RpmPlugin, com.typesafe.sbt.web.SbtWeb, play.sbt.forkrun.PlayForkRun, com.typesafe.sbt.packager.debian.DebianPlugin, com.typesafe.sbt.digest.SbtDigest)
  :: sorting:: found: List(sbt.plugins.CorePlugin, com.typesafe.sbt.SbtNativePackager, sbt.plugins.InteractionServicePlugin, sbt.plugins.SendEventServicePlugin, sbt.plugins.SerializersPlugin, sbt.plugins.IvyPlugin, com.typesafe.sbt.packager.universal.UniversalPlugin, sbt.plugins.JvmPlugin, com.typesafe.sbt.packager.windows.WindowsPlugin, com.typesafe.sbt.packager.docker.DockerPlugin, com.typesafe.sbt.packager.linux.LinuxPlugin, com.typesafe.play.sbt.enhancer.PlayEnhancer, play.twirl.sbt.SbtTwirl, play.sbt.routes.RoutesCompiler, sbt.plugins.JUnitXmlReportPlugin, sbt.plugins.BackgroundRunPlugin, com.typesafe.sbt.packager.rpm.RpmPlugin, com.typesafe.sbt.web.SbtWeb, com.typesafe.sbt.packager.debian.DebianPlugin) not found List(play.ebean.sbt.PlayEbean, play.sbt.PlayJava, play.sbt.Play, com.typesafe.sbt.packager.archetypes.JavaServerAppPackaging, play.sbt.PlayNettyServer, play.sbt.PlayLayoutPlugin, com.typesafe.sbt.jse.SbtJsTask, com.typesafe.sbt.jshint.SbtJSHint, com.typesafe.sbt.packager.archetypes.JavaAppPackaging, com.typesafe.sbt.mocha.SbtMocha, com.typesafe.sbt.less.SbtLess, com.typesafe.sbt.rjs.SbtRjs, com.typesafe.sbt.jse.SbtJsEngine, com.typesafe.sbt.coffeescript.SbtCoffeeScript, play.sbt.forkrun.PlayForkRun, com.typesafe.sbt.digest.SbtDigest)
  :: sorting:: found: List(sbt.plugins.CorePlugin, com.typesafe.sbt.SbtNativePackager, sbt.plugins.InteractionServicePlugin, sbt.plugins.SendEventServicePlugin, sbt.plugins.SerializersPlugin, sbt.plugins.IvyPlugin, com.typesafe.sbt.packager.universal.UniversalPlugin, sbt.plugins.JvmPlugin, com.typesafe.sbt.packager.windows.WindowsPlugin, com.typesafe.sbt.packager.docker.DockerPlugin, com.typesafe.sbt.packager.linux.LinuxPlugin, com.typesafe.play.sbt.enhancer.PlayEnhancer, play.twirl.sbt.SbtTwirl, play.sbt.routes.RoutesCompiler, sbt.plugins.JUnitXmlReportPlugin, sbt.plugins.BackgroundRunPlugin, com.typesafe.sbt.packager.rpm.RpmPlugin, com.typesafe.sbt.web.SbtWeb, com.typesafe.sbt.packager.debian.DebianPlugin, play.ebean.sbt.PlayEbean, com.typesafe.sbt.packager.archetypes.JavaAppPackaging, com.typesafe.sbt.jse.SbtJsEngine, com.typesafe.sbt.digest.SbtDigest) not found List(play.sbt.PlayJava, play.sbt.Play, com.typesafe.sbt.packager.archetypes.JavaServerAppPackaging, play.sbt.PlayNettyServer, play.sbt.PlayLayoutPlugin, com.typesafe.sbt.jse.SbtJsTask, com.typesafe.sbt.jshint.SbtJSHint, com.typesafe.sbt.mocha.SbtMocha, com.typesafe.sbt.less.SbtLess, com.typesafe.sbt.rjs.SbtRjs, com.typesafe.sbt.coffeescript.SbtCoffeeScript, play.sbt.forkrun.PlayForkRun)
  :: sorting:: found: List(sbt.plugins.CorePlugin, com.typesafe.sbt.SbtNativePackager, sbt.plugins.InteractionServicePlugin, sbt.plugins.SendEventServicePlugin, sbt.plugins.SerializersPlugin, sbt.plugins.IvyPlugin, com.typesafe.sbt.packager.universal.UniversalPlugin, sbt.plugins.JvmPlugin, com.typesafe.sbt.packager.windows.WindowsPlugin, com.typesafe.sbt.packager.docker.DockerPlugin, com.typesafe.sbt.packager.linux.LinuxPlugin, com.typesafe.play.sbt.enhancer.PlayEnhancer, play.twirl.sbt.SbtTwirl, play.sbt.routes.RoutesCompiler, sbt.plugins.JUnitXmlReportPlugin, sbt.plugins.BackgroundRunPlugin, com.typesafe.sbt.packager.rpm.RpmPlugin, com.typesafe.sbt.web.SbtWeb, com.typesafe.sbt.packager.debian.DebianPlugin, play.ebean.sbt.PlayEbean, com.typesafe.sbt.packager.archetypes.JavaAppPackaging, com.typesafe.sbt.jse.SbtJsEngine, com.typesafe.sbt.digest.SbtDigest, com.typesafe.sbt.packager.archetypes.JavaServerAppPackaging, com.typesafe.sbt.jse.SbtJsTask) not found List(play.sbt.PlayJava, play.sbt.Play, play.sbt.PlayNettyServer, play.sbt.PlayLayoutPlugin, com.typesafe.sbt.jshint.SbtJSHint, com.typesafe.sbt.mocha.SbtMocha, com.typesafe.sbt.less.SbtLess, com.typesafe.sbt.rjs.SbtRjs, com.typesafe.sbt.coffeescript.SbtCoffeeScript, play.sbt.forkrun.PlayForkRun)
  :: sorting:: found: List(sbt.plugins.CorePlugin, com.typesafe.sbt.SbtNativePackager, sbt.plugins.InteractionServicePlugin, sbt.plugins.SendEventServicePlugin, sbt.plugins.SerializersPlugin, sbt.plugins.IvyPlugin, com.typesafe.sbt.packager.universal.UniversalPlugin, sbt.plugins.JvmPlugin, com.typesafe.sbt.packager.windows.WindowsPlugin, com.typesafe.sbt.packager.docker.DockerPlugin, com.typesafe.sbt.packager.linux.LinuxPlugin, com.typesafe.play.sbt.enhancer.PlayEnhancer, play.twirl.sbt.SbtTwirl, play.sbt.routes.RoutesCompiler, sbt.plugins.JUnitXmlReportPlugin, sbt.plugins.BackgroundRunPlugin, com.typesafe.sbt.packager.rpm.RpmPlugin, com.typesafe.sbt.web.SbtWeb, com.typesafe.sbt.packager.debian.DebianPlugin, play.ebean.sbt.PlayEbean, com.typesafe.sbt.packager.archetypes.JavaAppPackaging, com.typesafe.sbt.jse.SbtJsEngine, com.typesafe.sbt.digest.SbtDigest, com.typesafe.sbt.packager.archetypes.JavaServerAppPackaging, com.typesafe.sbt.jse.SbtJsTask, play.sbt.Play, com.typesafe.sbt.jshint.SbtJSHint, com.typesafe.sbt.mocha.SbtMocha, com.typesafe.sbt.less.SbtLess, com.typesafe.sbt.rjs.SbtRjs, com.typesafe.sbt.coffeescript.SbtCoffeeScript) not found List(play.sbt.PlayJava, play.sbt.PlayNettyServer, play.sbt.PlayLayoutPlugin, play.sbt.forkrun.PlayForkRun)
  :: sorting:: found: List(sbt.plugins.CorePlugin, com.typesafe.sbt.SbtNativePackager, sbt.plugins.InteractionServicePlugin, sbt.plugins.SendEventServicePlugin, sbt.plugins.SerializersPlugin, sbt.plugins.IvyPlugin, com.typesafe.sbt.packager.universal.UniversalPlugin, sbt.plugins.JvmPlugin, com.typesafe.sbt.packager.windows.WindowsPlugin, com.typesafe.sbt.packager.docker.DockerPlugin, com.typesafe.sbt.packager.linux.LinuxPlugin, com.typesafe.play.sbt.enhancer.PlayEnhancer, play.twirl.sbt.SbtTwirl, play.sbt.routes.RoutesCompiler, sbt.plugins.JUnitXmlReportPlugin, sbt.plugins.BackgroundRunPlugin, com.typesafe.sbt.packager.rpm.RpmPlugin, com.typesafe.sbt.web.SbtWeb, com.typesafe.sbt.packager.debian.DebianPlugin, play.ebean.sbt.PlayEbean, com.typesafe.sbt.packager.archetypes.JavaAppPackaging, com.typesafe.sbt.jse.SbtJsEngine, com.typesafe.sbt.digest.SbtDigest, com.typesafe.sbt.packager.archetypes.JavaServerAppPackaging, com.typesafe.sbt.jse.SbtJsTask, play.sbt.Play, com.typesafe.sbt.jshint.SbtJSHint, com.typesafe.sbt.mocha.SbtMocha, com.typesafe.sbt.less.SbtLess, com.typesafe.sbt.rjs.SbtRjs, com.typesafe.sbt.coffeescript.SbtCoffeeScript, play.sbt.PlayJava, play.sbt.PlayNettyServer, play.sbt.PlayLayoutPlugin, play.sbt.forkrun.PlayForkRun) not found List()
  :: sorted deduced result: List(sbt.plugins.CorePlugin, com.typesafe.sbt.SbtNativePackager, sbt.plugins.InteractionServicePlugin, sbt.plugins.SendEventServicePlugin, sbt.plugins.SerializersPlugin, sbt.plugins.IvyPlugin, com.typesafe.sbt.packager.universal.UniversalPlugin, sbt.plugins.JvmPlugin, com.typesafe.sbt.packager.windows.WindowsPlugin, com.typesafe.sbt.packager.docker.DockerPlugin, com.typesafe.sbt.packager.linux.LinuxPlugin, com.typesafe.play.sbt.enhancer.PlayEnhancer, play.twirl.sbt.SbtTwirl, play.sbt.routes.RoutesCompiler, sbt.plugins.JUnitXmlReportPlugin, sbt.plugins.BackgroundRunPlugin, com.typesafe.sbt.packager.rpm.RpmPlugin, com.typesafe.sbt.web.SbtWeb, com.typesafe.sbt.packager.debian.DebianPlugin, play.ebean.sbt.PlayEbean, com.typesafe.sbt.packager.archetypes.JavaAppPackaging, com.typesafe.sbt.jse.SbtJsEngine, com.typesafe.sbt.digest.SbtDigest, com.typesafe.sbt.packager.archetypes.JavaServerAppPackaging, com.typesafe.sbt.jse.SbtJsTask, play.sbt.Play, com.typesafe.sbt.jshint.SbtJSHint, com.typesafe.sbt.mocha.SbtMocha, com.typesafe.sbt.less.SbtLess, com.typesafe.sbt.rjs.SbtRjs, com.typesafe.sbt.coffeescript.SbtCoffeeScript, play.sbt.PlayJava, play.sbt.PlayNettyServer, play.sbt.PlayLayoutPlugin, play.sbt.forkrun.PlayForkRun)
[Loading] Done in /Users/Rob/code/xdojo/artdojo/firstapp, returning: (root)
Set current project to firstapp (in build file:/Users/Rob/code/xdojo/artdojo/firstapp/)
Reapplying settings...
Set current project to firstapp (in build file:/Users/Rob/code/xdojo/artdojo/firstapp/)
> iflast shell
> server-send-ready-for-request
> server-handle-next-server-request
> {file:/Users/Rob/code/xdojo/artdojo/firstapp/}root/compile:mainClass
Evaluating tasks: compile:mainClass
Running task... Cancel: sbt.server.ServerTaskCancellation@2f26935f, check cycles: false
Total time: 0 s, completed Nov 18, 2015 5:11:37 PM
> server-post-command-cleanup
> server-handle-next-server-request
> {file:/Users/Rob/code/xdojo/artdojo/firstapp/}root/compile:discoveredMainClasses
Evaluating tasks: compile:discoveredMainClasses
Running task... Cancel: sbt.server.ServerTaskCancellation@3b23c0f1, check cycles: false
Invalidating /Users/Rob/code/xdojo/artdojo/firstapp/target/scala-2.11/classes/controllers/Application$Register.class: stamp changed from lastModified(1447884510000) to lastModified(1447884564000)

Initial source changes: 
	removed:Set()
	added: Set()
	modified: Set()
Removed products: Set()
External API changes: API Changes: Set()
Modified binary dependencies: Set(/Users/Rob/code/xdojo/artdojo/firstapp/target/scala-2.11/classes/controllers/Application$Register.class)
Initial directly invalidated sources: Set()

Sources indirectly invalidated by:
	product: Set()
	binary dep: Set(/Users/Rob/code/xdojo/artdojo/firstapp/app/controllers/Application.java)
	external source: Set()
All initially invalidated sources: Set(/Users/Rob/code/xdojo/artdojo/firstapp/app/controllers/Application.java)

Read from stdout: Compiling 1 Java source to /Users/Rob/code/xdojo/artdojo/firstapp/target/scala-2.11/classes...
Compiling 1 Java source to /Users/Rob/code/xdojo/artdojo/firstapp/target/scala-2.11/classes...
Attempting to call com.sun.tools.javac.api.JavacTool@15e592ca directly...
Java compilation took 0.496765366 s
Java analysis took 0.217642114 s
Java compile + analysis took 0.720208814 s
New invalidations:
	Set()
Initial set of included nodes: Set()
Previously invalidated, but (transitively) depend on new invalidations:
	Set()
All newly invalidated sources after taking into account (previously) recompiled sources:Set()
Total time: 2 s, completed Nov 18, 2015 5:11:39 PM
> server-post-command-cleanup
> server-handle-next-server-request
> {file:/Users/Rob/code/xdojo/artdojo/firstapp/}root/compile:mainClass
Evaluating tasks: compile:mainClass
Running task... Cancel: sbt.server.ServerTaskCancellation@baa697f, check cycles: false
Total time: 0 s, completed Nov 18, 2015 5:11:39 PM
> server-post-command-cleanup
> server-handle-next-server-request
> {file:/Users/Rob/code/xdojo/artdojo/firstapp/}root/compile:discoveredMainClasses
Evaluating tasks: compile:discoveredMainClasses
Running task... Cancel: sbt.server.ServerTaskCancellation@684be145, check cycles: false
Invalidating /Users/Rob/code/xdojo/artdojo/firstapp/target/scala-2.11/classes/controllers/Application$Register.class: stamp changed from lastModified(1447884564000) to lastModified(1447884698000)

Initial source changes: 
	removed:Set()
	added: Set()
	modified: Set()
Removed products: Set()
External API changes: API Changes: Set()
Modified binary dependencies: Set(/Users/Rob/code/xdojo/artdojo/firstapp/target/scala-2.11/classes/controllers/Application$Register.class)
Initial directly invalidated sources: Set()

Sources indirectly invalidated by:
	product: Set()
	binary dep: Set(/Users/Rob/code/xdojo/artdojo/firstapp/app/controllers/Application.java)
	external source: Set()
All initially invalidated sources: Set(/Users/Rob/code/xdojo/artdojo/firstapp/app/controllers/Application.java)

Read from stdout: Compiling 1 Java source to /Users/Rob/code/xdojo/artdojo/firstapp/target/scala-2.11/classes...
Compiling 1 Java source to /Users/Rob/code/xdojo/artdojo/firstapp/target/scala-2.11/classes...
Attempting to call com.sun.tools.javac.api.JavacTool@3ff46d24 directly...
Java compilation took 0.150988152 s
Java analysis took 0.104870153 s
Java compile + analysis took 0.261214213 s
New invalidations:
	Set()
Initial set of included nodes: Set()
Previously invalidated, but (transitively) depend on new invalidations:
	Set()
All newly invalidated sources after taking into account (previously) recompiled sources:Set()
Total time: 1 s, completed Nov 18, 2015 5:11:40 PM
> server-post-command-cleanup
> server-handle-next-server-request
> backgroundRun
Evaluating tasks: compile:backgroundRun
Running task... Cancel: sbt.server.ServerTaskCancellation@279ebec6, check cycles: false
Total time: 0 s, completed Nov 18, 2015 5:12:32 PM
> server-post-command-cleanup
> server-handle-next-server-request
> {file:/Users/Rob/code/xdojo/artdojo/firstapp/}root/*:playForkConfig
Evaluating tasks: *:playForkConfig
Running task... Cancel: sbt.server.ServerTaskCancellation@122a209d, check cycles: false
Total time: 0 s, completed Nov 18, 2015 5:12:34 PM
> server-post-command-cleanup
> server-handle-next-server-request
> root/playForkNotifyStart http://localhost:9000
Evaluating tasks: *:playForkNotifyStart
Running task... Cancel: sbt.server.ServerTaskCancellation@3d7c3cc8, check cycles: false
Total time: 0 s, completed Nov 18, 2015 5:12:35 PM
> server-post-command-cleanup
> server-handle-next-server-request
> {file:/Users/Rob/code/xdojo/artdojo/firstapp/}root/*:playForkReload
Evaluating tasks: *:playForkReload
Running task... Cancel: sbt.server.ServerTaskCancellation@2cb5dab6, check cycles: false
Invalidating /Users/Rob/code/xdojo/artdojo/firstapp/target/scala-2.11/classes/controllers/Application$Register.class: stamp changed from lastModified(1447884698000) to lastModified(1447884699000)

Initial source changes: 
	removed:Set()
	added: Set()
	modified: Set()
Removed products: Set()
External API changes: API Changes: Set()
Modified binary dependencies: Set(/Users/Rob/code/xdojo/artdojo/firstapp/target/scala-2.11/classes/controllers/Application$Register.class)
Initial directly invalidated sources: Set()

Sources indirectly invalidated by:
	product: Set()
	binary dep: Set(/Users/Rob/code/xdojo/artdojo/firstapp/app/controllers/Application.java)
	external source: Set()
All initially invalidated sources: Set(/Users/Rob/code/xdojo/artdojo/firstapp/app/controllers/Application.java)

Read from stdout: Compiling 1 Java source to /Users/Rob/code/xdojo/artdojo/firstapp/target/scala-2.11/classes...
Compiling 1 Java source to /Users/Rob/code/xdojo/artdojo/firstapp/target/scala-2.11/classes...
Attempting to call com.sun.tools.javac.api.JavacTool@638ca2a1 directly...
Java compilation took 0.084836417 s
Java analysis took 0.067565692 s
Java compile + analysis took 0.156187118 s
New invalidations:
	Set()
Initial set of included nodes: Set()
Previously invalidated, but (transitively) depend on new invalidations:
	Set()
All newly invalidated sources after taking into account (previously) recompiled sources:Set()
Copy resource mappings: 
	(/Users/Rob/code/xdojo/artdojo/firstapp/conf/application.conf,/Users/Rob/code/xdojo/artdojo/firstapp/target/scala-2.11/classes/application.conf)
	(/Users/Rob/code/xdojo/artdojo/firstapp/conf/evolutions,/Users/Rob/code/xdojo/artdojo/firstapp/target/scala-2.11/classes/evolutions)
	(/Users/Rob/code/xdojo/artdojo/firstapp/conf/logback.xml,/Users/Rob/code/xdojo/artdojo/firstapp/target/scala-2.11/classes/logback.xml)
	(/Users/Rob/code/xdojo/artdojo/firstapp/conf/routes,/Users/Rob/code/xdojo/artdojo/firstapp/target/scala-2.11/classes/routes)
	(/Users/Rob/code/xdojo/artdojo/firstapp/conf/evolutions/default,/Users/Rob/code/xdojo/artdojo/firstapp/target/scala-2.11/classes/evolutions/default)
	(/Users/Rob/code/xdojo/artdojo/firstapp/conf/evolutions/default/1.sql,/Users/Rob/code/xdojo/artdojo/firstapp/target/scala-2.11/classes/evolutions/default/1.sql)
Total time: 1 s, completed Nov 18, 2015 5:12:45 PM
> server-post-command-cleanup
> server-handle-next-server-request
> compile
Evaluating tasks: compile:compile
Running task... Cancel: sbt.server.ServerTaskCancellation@2b753b24, check cycles: false
Invalidating /Users/Rob/code/xdojo/artdojo/firstapp/target/scala-2.11/classes/controllers/Application$Register.class: stamp changed from lastModified(1447884699000) to lastModified(1447884765000)

Initial source changes: 
	removed:Set()
	added: Set()
	modified: Set(/Users/Rob/code/xdojo/artdojo/firstapp/app/controllers/Application.java)
Removed products: Set()
External API changes: API Changes: Set()
Modified binary dependencies: Set(/Users/Rob/code/xdojo/artdojo/firstapp/target/scala-2.11/classes/controllers/Application$Register.class)
Initial directly invalidated sources: Set(/Users/Rob/code/xdojo/artdojo/firstapp/app/controllers/Application.java)

Sources indirectly invalidated by:
	product: Set()
	binary dep: Set(/Users/Rob/code/xdojo/artdojo/firstapp/app/controllers/Application.java)
	external source: Set()
All initially invalidated sources: Set(/Users/Rob/code/xdojo/artdojo/firstapp/app/controllers/Application.java)

Read from stdout: Compiling 1 Java source to /Users/Rob/code/xdojo/artdojo/firstapp/target/scala-2.11/classes...
Compiling 1 Java source to /Users/Rob/code/xdojo/artdojo/firstapp/target/scala-2.11/classes...
Attempting to call com.sun.tools.javac.api.JavacTool@456a680c directly...
Java compilation took 0.116243548 s
Java analysis took 0.064771612 s
Java compile + analysis took 0.184740428 s
New invalidations:
	Set()
Initial set of included nodes: Set()
Previously invalidated, but (transitively) depend on new invalidations:
	Set()
All newly invalidated sources after taking into account (previously) recompiled sources:Set()
Total time: 0 s, completed Nov 18, 2015 5:17:41 PM
> server-post-command-cleanup
> server-handle-next-server-request
> jobStop 1
Evaluating tasks: *:jobStop
Running task... Cancel: sbt.server.ServerTaskCancellation@4490cee8, check cycles: false
Total time: 0 s, completed Nov 18, 2015 5:17:42 PM
> server-post-command-cleanup
> server-handle-next-server-request
> backgroundRun
Evaluating tasks: compile:backgroundRun
Running task... Cancel: sbt.server.ServerTaskCancellation@3a12ae69, check cycles: false
Total time: 0 s, completed Nov 18, 2015 5:17:42 PM
> server-post-command-cleanup
> server-handle-next-server-request
> {file:/Users/Rob/code/xdojo/artdojo/firstapp/}root/*:playForkConfig
Evaluating tasks: *:playForkConfig
Running task... Cancel: sbt.server.ServerTaskCancellation@dccbb53, check cycles: false
Total time: 0 s, completed Nov 18, 2015 5:17:44 PM
> server-post-command-cleanup
> server-handle-next-server-request
> root/playForkNotifyStart http://localhost:9000
Evaluating tasks: *:playForkNotifyStart
Running task... Cancel: sbt.server.ServerTaskCancellation@56aef43, check cycles: false
Total time: 0 s, completed Nov 18, 2015 5:17:45 PM
> server-post-command-cleanup
> server-handle-next-server-request
> compile
Evaluating tasks: compile:compile
Running task... Cancel: sbt.server.ServerTaskCancellation@30d62371, check cycles: false
Invalidating /Users/Rob/code/xdojo/artdojo/firstapp/target/scala-2.11/classes/controllers/Application$Register.class: stamp changed from lastModified(1447884765000) to lastModified(1447885061000)

Initial source changes: 
	removed:Set()
	added: Set()
	modified: Set(/Users/Rob/code/xdojo/artdojo/firstapp/app/models/Users.java)
Removed products: Set()
External API changes: API Changes: Set()
Modified binary dependencies: Set(/Users/Rob/code/xdojo/artdojo/firstapp/target/scala-2.11/classes/controllers/Application$Register.class)
Initial directly invalidated sources: Set(/Users/Rob/code/xdojo/artdojo/firstapp/app/models/Users.java)

Sources indirectly invalidated by:
	product: Set()
	binary dep: Set(/Users/Rob/code/xdojo/artdojo/firstapp/app/controllers/Application.java)
	external source: Set()
All initially invalidated sources: Set(/Users/Rob/code/xdojo/artdojo/firstapp/app/controllers/Application.java, /Users/Rob/code/xdojo/artdojo/firstapp/app/models/Users.java)

Read from stdout: Compiling 2 Java sources to /Users/Rob/code/xdojo/artdojo/firstapp/target/scala-2.11/classes...
Compiling 2 Java sources to /Users/Rob/code/xdojo/artdojo/firstapp/target/scala-2.11/classes...
Attempting to call com.sun.tools.javac.api.JavacTool@22c27279 directly...
Read from stdout: /Users/Rob/code/xdojo/artdojo/firstapp/app/controllers/Application.java:46: cannot find symbol
Read from stdout: symbol:   method findByName(java.lang.String)
Read from stdout: location: class models.Users
/Users/Rob/code/xdojo/artdojo/firstapp/app/controllers/Application.java:46: cannot find symbol
  symbol:   method findByName(java.lang.String)
  location: class models.Users
Read from stdout: Users.findByName
Users.findByName
Read from stdout: /Users/Rob/code/xdojo/artdojo/firstapp/app/models/Users.java: /Users/Rob/code/xdojo/artdojo/firstapp/app/models/Users.java uses or overrides a deprecated API.
/Users/Rob/code/xdojo/artdojo/firstapp/app/models/Users.java: /Users/Rob/code/xdojo/artdojo/firstapp/app/models/Users.java uses or overrides a deprecated API.
Read from stdout: /Users/Rob/code/xdojo/artdojo/firstapp/app/models/Users.java: Recompile with -Xlint:deprecation for details.
/Users/Rob/code/xdojo/artdojo/firstapp/app/models/Users.java: Recompile with -Xlint:deprecation for details.
Read from stdout: (compile:compileIncremental) javac returned nonzero exit code
(compile:compileIncremental) javac returned nonzero exit code
Total time: 0 s, completed Nov 18, 2015 5:19:39 PM
> server-post-command-error-handler
> server-post-command-cleanup
> server-handle-next-server-request
> compile
Evaluating tasks: compile:compile
Running task... Cancel: sbt.server.ServerTaskCancellation@43122c63, check cycles: false
Invalidating /Users/Rob/code/xdojo/artdojo/firstapp/target/scala-2.11/classes/controllers/Application$Register.class: stamp changed from lastModified(1447884765000) to lastModified(1447885061000)

Initial source changes: 
	removed:Set()
	added: Set()
	modified: Set(/Users/Rob/code/xdojo/artdojo/firstapp/app/controllers/Application.java, /Users/Rob/code/xdojo/artdojo/firstapp/app/models/Users.java)
Removed products: Set()
External API changes: API Changes: Set()
Modified binary dependencies: Set(/Users/Rob/code/xdojo/artdojo/firstapp/target/scala-2.11/classes/controllers/Application$Register.class)
Initial directly invalidated sources: Set(/Users/Rob/code/xdojo/artdojo/firstapp/app/controllers/Application.java, /Users/Rob/code/xdojo/artdojo/firstapp/app/models/Users.java)

Sources indirectly invalidated by:
	product: Set()
	binary dep: Set(/Users/Rob/code/xdojo/artdojo/firstapp/app/controllers/Application.java)
	external source: Set()
All initially invalidated sources: Set(/Users/Rob/code/xdojo/artdojo/firstapp/app/controllers/Application.java, /Users/Rob/code/xdojo/artdojo/firstapp/app/models/Users.java)

Read from stdout: Compiling 2 Java sources to /Users/Rob/code/xdojo/artdojo/firstapp/target/scala-2.11/classes...
Compiling 2 Java sources to /Users/Rob/code/xdojo/artdojo/firstapp/target/scala-2.11/classes...
Attempting to call com.sun.tools.javac.api.JavacTool@1267d7b9 directly...
Read from stdout: /Users/Rob/code/xdojo/artdojo/firstapp/app/models/Users.java: /Users/Rob/code/xdojo/artdojo/firstapp/app/models/Users.java uses or overrides a deprecated API.
/Users/Rob/code/xdojo/artdojo/firstapp/app/models/Users.java: /Users/Rob/code/xdojo/artdojo/firstapp/app/models/Users.java uses or overrides a deprecated API.
Read from stdout: /Users/Rob/code/xdojo/artdojo/firstapp/app/models/Users.java: Recompile with -Xlint:deprecation for details.
/Users/Rob/code/xdojo/artdojo/firstapp/app/models/Users.java: Recompile with -Xlint:deprecation for details.
Java compilation took 0.126865446 s
Java analysis took 0.102704192 s
Java compile + analysis took 0.23310431 s
Invalidating /Users/Rob/code/xdojo/artdojo/firstapp/app/controllers/Application.java...
Invalidating (transitively) by inheritance from /Users/Rob/code/xdojo/artdojo/firstapp/app/controllers/Application.java...
Initial set of included nodes: Set(/Users/Rob/code/xdojo/artdojo/firstapp/app/controllers/Application.java)
Invalidated by transitive inheritance dependency: Set(/Users/Rob/code/xdojo/artdojo/firstapp/app/controllers/Application.java)
The /Users/Rob/code/xdojo/artdojo/firstapp/app/controllers/Application.java source file has the following regular definitions changed:
	validate.
All member reference dependencies will be considered within this context.
None of the modified names appears in /Users/Rob/code/xdojo/artdojo/firstapp/target/scala-2.11/routes/main/router/Routes.scala. This dependency is not being considered for invalidation.
None of the modified names appears in /Users/Rob/code/xdojo/artdojo/firstapp/target/scala-2.11/twirl/main/views/html/register.template.scala. This dependency is not being considered for invalidation.
Name hashing optimization doesn't apply to non-Scala dependency: /Users/Rob/code/xdojo/artdojo/firstapp/app/controllers/Application.java
None of the modified names appears in /Users/Rob/code/xdojo/artdojo/firstapp/target/scala-2.11/twirl/main/views/html/login.template.scala. This dependency is not being considered for invalidation.
None of the modified names appears in /Users/Rob/code/xdojo/artdojo/firstapp/target/scala-2.11/twirl/main/views/html/secureIndex.template.scala. This dependency is not being considered for invalidation.
None of the modified names appears in /Users/Rob/code/xdojo/artdojo/firstapp/target/scala-2.11/twirl/main/views/html/index.template.scala. This dependency is not being considered for invalidation.
Invalidating /Users/Rob/code/xdojo/artdojo/firstapp/app/models/Users.java...
Invalidating (transitively) by inheritance from /Users/Rob/code/xdojo/artdojo/firstapp/app/models/Users.java...
Initial set of included nodes: Set(/Users/Rob/code/xdojo/artdojo/firstapp/app/models/Users.java)
Invalidated by transitive inheritance dependency: Set(/Users/Rob/code/xdojo/artdojo/firstapp/app/models/Users.java)
The /Users/Rob/code/xdojo/artdojo/firstapp/app/models/Users.java source file has the following regular definitions changed:
	findByName, findByEmail.
All member reference dependencies will be considered within this context.
Name hashing optimization doesn't apply to non-Scala dependency: /Users/Rob/code/xdojo/artdojo/firstapp/app/models/Artworks.java
Name hashing optimization doesn't apply to non-Scala dependency: /Users/Rob/code/xdojo/artdojo/firstapp/app/controllers/Application.java
Name hashing optimization doesn't apply to non-Scala dependency: /Users/Rob/code/xdojo/artdojo/firstapp/app/models/Users.java
None of the modified names appears in /Users/Rob/code/xdojo/artdojo/firstapp/target/scala-2.11/twirl/main/views/html/secureIndex.template.scala. This dependency is not being considered for invalidation.
None of the modified names appears in /Users/Rob/code/xdojo/artdojo/firstapp/target/scala-2.11/twirl/main/views/html/index.template.scala. This dependency is not being considered for invalidation.
New invalidations:
	Set(/Users/Rob/code/xdojo/artdojo/firstapp/app/models/Artworks.java)
Initial set of included nodes: Set(/Users/Rob/code/xdojo/artdojo/firstapp/app/models/Artworks.java)
Including /Users/Rob/code/xdojo/artdojo/firstapp/app/controllers/Application.java by /Users/Rob/code/xdojo/artdojo/firstapp/app/models/Artworks.java
Including /Users/Rob/code/xdojo/artdojo/firstapp/target/scala-2.11/routes/main/router/Routes.scala by /Users/Rob/code/xdojo/artdojo/firstapp/app/controllers/Application.java
Including /Users/Rob/code/xdojo/artdojo/firstapp/target/scala-2.11/twirl/main/views/html/register.template.scala by /Users/Rob/code/xdojo/artdojo/firstapp/app/controllers/Application.java
Including /Users/Rob/code/xdojo/artdojo/firstapp/target/scala-2.11/twirl/main/views/html/login.template.scala by /Users/Rob/code/xdojo/artdojo/firstapp/app/controllers/Application.java
Including /Users/Rob/code/xdojo/artdojo/firstapp/target/scala-2.11/twirl/main/views/html/secureIndex.template.scala by /Users/Rob/code/xdojo/artdojo/firstapp/app/controllers/Application.java
Including /Users/Rob/code/xdojo/artdojo/firstapp/target/scala-2.11/twirl/main/views/html/index.template.scala by /Users/Rob/code/xdojo/artdojo/firstapp/app/controllers/Application.java
Including /Users/Rob/code/xdojo/artdojo/firstapp/app/models/Auctions.java by /Users/Rob/code/xdojo/artdojo/firstapp/app/models/Artworks.java
Previously invalidated, but (transitively) depend on new invalidations:
	Set(/Users/Rob/code/xdojo/artdojo/firstapp/app/controllers/Application.java)
All newly invalidated sources after taking into account (previously) recompiled sources:Set(/Users/Rob/code/xdojo/artdojo/firstapp/app/models/Artworks.java)
Read from stdout: Compiling 2 Java sources to /Users/Rob/code/xdojo/artdojo/firstapp/target/scala-2.11/classes...
Compiling 2 Java sources to /Users/Rob/code/xdojo/artdojo/firstapp/target/scala-2.11/classes...
Attempting to call com.sun.tools.javac.api.JavacTool@1267d7b9 directly...
Read from stdout: /Users/Rob/code/xdojo/artdojo/firstapp/app/models/Artworks.java: /Users/Rob/code/xdojo/artdojo/firstapp/app/models/Artworks.java uses or overrides a deprecated API.
/Users/Rob/code/xdojo/artdojo/firstapp/app/models/Artworks.java: /Users/Rob/code/xdojo/artdojo/firstapp/app/models/Artworks.java uses or overrides a deprecated API.
Read from stdout: /Users/Rob/code/xdojo/artdojo/firstapp/app/models/Artworks.java: Recompile with -Xlint:deprecation for details.
/Users/Rob/code/xdojo/artdojo/firstapp/app/models/Artworks.java: Recompile with -Xlint:deprecation for details.
Java compilation took 0.079582666 s
Java analysis took 0.079310245 s
Java compile + analysis took 0.163415459 s
New invalidations:
	Set()
Initial set of included nodes: Set()
Previously invalidated, but (transitively) depend on new invalidations:
	Set()
All newly invalidated sources after taking into account (previously) recompiled sources:Set()
Total time: 1 s, completed Nov 18, 2015 5:19:51 PM
> server-post-command-cleanup
> server-handle-next-server-request
> jobStop 2
Evaluating tasks: *:jobStop
Running task... Cancel: sbt.server.ServerTaskCancellation@68770259, check cycles: false
Total time: 0 s, completed Nov 18, 2015 5:19:51 PM
> server-post-command-cleanup
> server-handle-next-server-request
> backgroundRun
Evaluating tasks: compile:backgroundRun
Running task... Cancel: sbt.server.ServerTaskCancellation@30475afe, check cycles: false
Total time: 0 s, completed Nov 18, 2015 5:19:52 PM
> server-post-command-cleanup
> server-handle-next-server-request
> {file:/Users/Rob/code/xdojo/artdojo/firstapp/}root/*:playForkConfig
Evaluating tasks: *:playForkConfig
Running task... Cancel: sbt.server.ServerTaskCancellation@7fbde6d8, check cycles: false
Total time: 0 s, completed Nov 18, 2015 5:19:54 PM
> server-post-command-cleanup
> server-handle-next-server-request
> root/playForkNotifyStart http://localhost:9000
Evaluating tasks: *:playForkNotifyStart
Running task... Cancel: sbt.server.ServerTaskCancellation@558e73a, check cycles: false
Total time: 0 s, completed Nov 18, 2015 5:19:55 PM
> server-post-command-cleanup
> server-handle-next-server-request
> compile
Evaluating tasks: compile:compile
Running task... Cancel: sbt.server.ServerTaskCancellation@4fc33fe8, check cycles: false
Invalidating /Users/Rob/code/xdojo/artdojo/firstapp/target/scala-2.11/classes/controllers/Application$Register.class: stamp changed from lastModified(1447885061000) to lastModified(1447885191000)

Initial source changes: 
	removed:Set()
	added: Set()
	modified: Set(/Users/Rob/code/xdojo/artdojo/firstapp/app/controllers/Application.java)
Removed products: Set()
External API changes: API Changes: Set()
Modified binary dependencies: Set(/Users/Rob/code/xdojo/artdojo/firstapp/target/scala-2.11/classes/controllers/Application$Register.class)
Initial directly invalidated sources: Set(/Users/Rob/code/xdojo/artdojo/firstapp/app/controllers/Application.java)

Sources indirectly invalidated by:
	product: Set()
	binary dep: Set(/Users/Rob/code/xdojo/artdojo/firstapp/app/controllers/Application.java)
	external source: Set()
All initially invalidated sources: Set(/Users/Rob/code/xdojo/artdojo/firstapp/app/controllers/Application.java)

Read from stdout: Compiling 1 Java source to /Users/Rob/code/xdojo/artdojo/firstapp/target/scala-2.11/classes...
Compiling 1 Java source to /Users/Rob/code/xdojo/artdojo/firstapp/target/scala-2.11/classes...
Attempting to call com.sun.tools.javac.api.JavacTool@6282d7fb directly...
Java compilation took 0.075812301 s
Java analysis took 0.042145242 s
Java compile + analysis took 0.120844621 s
New invalidations:
	Set()
Initial set of included nodes: Set()
Previously invalidated, but (transitively) depend on new invalidations:
	Set()
All newly invalidated sources after taking into account (previously) recompiled sources:Set()
Total time: 0 s, completed Nov 18, 2015 5:20:17 PM
> server-post-command-cleanup
> server-handle-next-server-request
> jobStop 3
Evaluating tasks: *:jobStop
Running task... Cancel: sbt.server.ServerTaskCancellation@43bc6161, check cycles: false
Total time: 0 s, completed Nov 18, 2015 5:20:17 PM
> server-post-command-cleanup
> server-handle-next-server-request
> backgroundRun
Evaluating tasks: compile:backgroundRun
Running task... Cancel: sbt.server.ServerTaskCancellation@36927af8, check cycles: false
Total time: 0 s, completed Nov 18, 2015 5:20:17 PM
> server-post-command-cleanup
> server-handle-next-server-request
> {file:/Users/Rob/code/xdojo/artdojo/firstapp/}root/*:playForkConfig
Evaluating tasks: *:playForkConfig
Running task... Cancel: sbt.server.ServerTaskCancellation@70bc0d88, check cycles: false
Total time: 0 s, completed Nov 18, 2015 5:20:19 PM
> server-post-command-cleanup
> server-handle-next-server-request
> root/playForkNotifyStart http://localhost:9000
Evaluating tasks: *:playForkNotifyStart
Running task... Cancel: sbt.server.ServerTaskCancellation@6971d0c3, check cycles: false
Total time: 0 s, completed Nov 18, 2015 5:20:20 PM
> server-post-command-cleanup
> server-handle-next-server-request
> compile
Evaluating tasks: compile:compile
Running task... Cancel: sbt.server.ServerTaskCancellation@701016e5, check cycles: false
Invalidating /Users/Rob/code/xdojo/artdojo/firstapp/target/scala-2.11/classes/controllers/Application$Register.class: stamp changed from lastModified(1447885191000) to lastModified(1447885216000)

Initial source changes: 
	removed:Set()
	added: Set()
	modified: Set(/Users/Rob/code/xdojo/artdojo/firstapp/app/controllers/Application.java)
Removed products: Set()
External API changes: API Changes: Set()
Modified binary dependencies: Set(/Users/Rob/code/xdojo/artdojo/firstapp/target/scala-2.11/classes/controllers/Application$Register.class)
Initial directly invalidated sources: Set(/Users/Rob/code/xdojo/artdojo/firstapp/app/controllers/Application.java)

Sources indirectly invalidated by:
	product: Set()
	binary dep: Set(/Users/Rob/code/xdojo/artdojo/firstapp/app/controllers/Application.java)
	external source: Set()
All initially invalidated sources: Set(/Users/Rob/code/xdojo/artdojo/firstapp/app/controllers/Application.java)

Read from stdout: Compiling 1 Java source to /Users/Rob/code/xdojo/artdojo/firstapp/target/scala-2.11/classes...
Compiling 1 Java source to /Users/Rob/code/xdojo/artdojo/firstapp/target/scala-2.11/classes...
Attempting to call com.sun.tools.javac.api.JavacTool@409dd06e directly...
Read from stdout: /Users/Rob/code/xdojo/artdojo/firstapp/app/controllers/Application.java:68: cannot find symbol
Read from stdout: symbol:   method findbyEmail(java.lang.String)
Read from stdout: location: class models.Users
/Users/Rob/code/xdojo/artdojo/firstapp/app/controllers/Application.java:68: cannot find symbol
  symbol:   method findbyEmail(java.lang.String)
  location: class models.Users
Read from stdout: Users.findbyEmail
Users.findbyEmail
Read from stdout: (compile:compileIncremental) javac returned nonzero exit code
(compile:compileIncremental) javac returned nonzero exit code
Total time: 0 s, completed Nov 18, 2015 5:20:40 PM
> server-post-command-error-handler
> server-post-command-cleanup
> server-handle-next-server-request
> compile
Evaluating tasks: compile:compile
Running task... Cancel: sbt.server.ServerTaskCancellation@5a3dbc69, check cycles: false
Invalidating /Users/Rob/code/xdojo/artdojo/firstapp/target/scala-2.11/classes/controllers/Application$Register.class: stamp changed from lastModified(1447885191000) to lastModified(1447885216000)

Initial source changes: 
	removed:Set()
	added: Set()
	modified: Set(/Users/Rob/code/xdojo/artdojo/firstapp/app/controllers/Application.java)
Removed products: Set()
External API changes: API Changes: Set()
Modified binary dependencies: Set(/Users/Rob/code/xdojo/artdojo/firstapp/target/scala-2.11/classes/controllers/Application$Register.class)
Initial directly invalidated sources: Set(/Users/Rob/code/xdojo/artdojo/firstapp/app/controllers/Application.java)

Sources indirectly invalidated by:
	product: Set()
	binary dep: Set(/Users/Rob/code/xdojo/artdojo/firstapp/app/controllers/Application.java)
	external source: Set()
All initially invalidated sources: Set(/Users/Rob/code/xdojo/artdojo/firstapp/app/controllers/Application.java)

Read from stdout: Compiling 1 Java source to /Users/Rob/code/xdojo/artdojo/firstapp/target/scala-2.11/classes...
Compiling 1 Java source to /Users/Rob/code/xdojo/artdojo/firstapp/target/scala-2.11/classes...
Attempting to call com.sun.tools.javac.api.JavacTool@7e4f3e82 directly...
Read from stdout: /Users/Rob/code/xdojo/artdojo/firstapp/app/controllers/Application.java:68: cannot find symbol
Read from stdout: symbol:   method findbyEmail(java.lang.String)
Read from stdout: location: class models.Users
/Users/Rob/code/xdojo/artdojo/firstapp/app/controllers/Application.java:68: cannot find symbol
  symbol:   method findbyEmail(java.lang.String)
  location: class models.Users
Read from stdout: Users.findbyEmail
Users.findbyEmail
Read from stdout: (compile:compileIncremental) javac returned nonzero exit code
(compile:compileIncremental) javac returned nonzero exit code
Total time: 0 s, completed Nov 18, 2015 5:21:02 PM
> server-post-command-error-handler
> server-post-command-cleanup
> server-handle-next-server-request
> {file:/Users/Rob/code/xdojo/artdojo/firstapp/}root/*:playForkReload
Evaluating tasks: *:playForkReload
Running task... Cancel: sbt.server.ServerTaskCancellation@523e388c, check cycles: false
Invalidating /Users/Rob/code/xdojo/artdojo/firstapp/target/scala-2.11/classes/controllers/Application$Register.class: stamp changed from lastModified(1447885191000) to lastModified(1447885216000)

Initial source changes: 
	removed:Set()
	added: Set()
	modified: Set(/Users/Rob/code/xdojo/artdojo/firstapp/app/controllers/Application.java)
Removed products: Set()
External API changes: API Changes: Set()
Modified binary dependencies: Set(/Users/Rob/code/xdojo/artdojo/firstapp/target/scala-2.11/classes/controllers/Application$Register.class)
Initial directly invalidated sources: Set(/Users/Rob/code/xdojo/artdojo/firstapp/app/controllers/Application.java)

Sources indirectly invalidated by:
	product: Set()
	binary dep: Set(/Users/Rob/code/xdojo/artdojo/firstapp/app/controllers/Application.java)
	external source: Set()
All initially invalidated sources: Set(/Users/Rob/code/xdojo/artdojo/firstapp/app/controllers/Application.java)

Read from stdout: Compiling 1 Java source to /Users/Rob/code/xdojo/artdojo/firstapp/target/scala-2.11/classes...
Compiling 1 Java source to /Users/Rob/code/xdojo/artdojo/firstapp/target/scala-2.11/classes...
Attempting to call com.sun.tools.javac.api.JavacTool@2a4fe306 directly...
Read from stdout: /Users/Rob/code/xdojo/artdojo/firstapp/app/controllers/Application.java:68: cannot find symbol
Read from stdout: symbol:   method findbyEmail(java.lang.String)
Read from stdout: location: class models.Users
/Users/Rob/code/xdojo/artdojo/firstapp/app/controllers/Application.java:68: cannot find symbol
  symbol:   method findbyEmail(java.lang.String)
  location: class models.Users
Read from stdout: Users.findbyEmail
Users.findbyEmail
Total time: 0 s, completed Nov 18, 2015 5:21:15 PM
> server-post-command-cleanup
> server-handle-next-server-request
> compile
Evaluating tasks: compile:compile
Running task... Cancel: sbt.server.ServerTaskCancellation@675dc760, check cycles: false
Invalidating /Users/Rob/code/xdojo/artdojo/firstapp/target/scala-2.11/classes/controllers/Application$Register.class: stamp changed from lastModified(1447885191000) to lastModified(1447885216000)

Initial source changes: 
	removed:Set()
	added: Set()
	modified: Set(/Users/Rob/code/xdojo/artdojo/firstapp/app/controllers/Application.java)
Removed products: Set()
External API changes: API Changes: Set()
Modified binary dependencies: Set(/Users/Rob/code/xdojo/artdojo/firstapp/target/scala-2.11/classes/controllers/Application$Register.class)
Initial directly invalidated sources: Set(/Users/Rob/code/xdojo/artdojo/firstapp/app/controllers/Application.java)

Sources indirectly invalidated by:
	product: Set()
	binary dep: Set(/Users/Rob/code/xdojo/artdojo/firstapp/app/controllers/Application.java)
	external source: Set()
All initially invalidated sources: Set(/Users/Rob/code/xdojo/artdojo/firstapp/app/controllers/Application.java)

Read from stdout: Compiling 1 Java source to /Users/Rob/code/xdojo/artdojo/firstapp/target/scala-2.11/classes...
Compiling 1 Java source to /Users/Rob/code/xdojo/artdojo/firstapp/target/scala-2.11/classes...
Attempting to call com.sun.tools.javac.api.JavacTool@6eaab75f directly...
Java compilation took 0.060518297 s
Java analysis took 0.05523048 s
Java compile + analysis took 0.119507597 s
New invalidations:
	Set()
Initial set of included nodes: Set()
Previously invalidated, but (transitively) depend on new invalidations:
	Set()
All newly invalidated sources after taking into account (previously) recompiled sources:Set()
Total time: 0 s, completed Nov 18, 2015 5:21:34 PM
> server-post-command-cleanup
> server-handle-next-server-request
> jobStop 4
Evaluating tasks: *:jobStop
Running task... Cancel: sbt.server.ServerTaskCancellation@4a3777cd, check cycles: false
Total time: 0 s, completed Nov 18, 2015 5:21:34 PM
> server-post-command-cleanup
> server-handle-next-server-request
> backgroundRun
Evaluating tasks: compile:backgroundRun
Running task... Cancel: sbt.server.ServerTaskCancellation@666604d9, check cycles: false
Total time: 0 s, completed Nov 18, 2015 5:21:34 PM
> server-post-command-cleanup
> server-handle-next-server-request
> {file:/Users/Rob/code/xdojo/artdojo/firstapp/}root/*:playForkConfig
Evaluating tasks: *:playForkConfig
Running task... Cancel: sbt.server.ServerTaskCancellation@644da7e4, check cycles: false
Total time: 0 s, completed Nov 18, 2015 5:21:36 PM
> server-post-command-cleanup
> server-handle-next-server-request
> root/playForkNotifyStart http://localhost:9000
Evaluating tasks: *:playForkNotifyStart
Running task... Cancel: sbt.server.ServerTaskCancellation@621a9368, check cycles: false
Total time: 0 s, completed Nov 18, 2015 5:21:37 PM
> server-post-command-cleanup
> server-handle-next-server-request
> {file:/Users/Rob/code/xdojo/artdojo/firstapp/}root/*:playForkReload
Evaluating tasks: *:playForkReload
Running task... Cancel: sbt.server.ServerTaskCancellation@28d79aa4, check cycles: false
Invalidating /Users/Rob/code/xdojo/artdojo/firstapp/target/scala-2.11/classes/controllers/Application$Register.class: stamp changed from lastModified(1447885216000) to lastModified(1447885294000)

Initial source changes: 
	removed:Set()
	added: Set()
	modified: Set()
Removed products: Set()
External API changes: API Changes: Set()
Modified binary dependencies: Set(/Users/Rob/code/xdojo/artdojo/firstapp/target/scala-2.11/classes/controllers/Application$Register.class)
Initial directly invalidated sources: Set()

Sources indirectly invalidated by:
	product: Set()
	binary dep: Set(/Users/Rob/code/xdojo/artdojo/firstapp/app/controllers/Application.java)
	external source: Set()
All initially invalidated sources: Set(/Users/Rob/code/xdojo/artdojo/firstapp/app/controllers/Application.java)

Read from stdout: Compiling 1 Java source to /Users/Rob/code/xdojo/artdojo/firstapp/target/scala-2.11/classes...
Compiling 1 Java source to /Users/Rob/code/xdojo/artdojo/firstapp/target/scala-2.11/classes...
Attempting to call com.sun.tools.javac.api.JavacTool@36d1024a directly...
Java compilation took 0.060226524 s
Java analysis took 0.08457983 s
Java compile + analysis took 0.148143005 s
New invalidations:
	Set()
Initial set of included nodes: Set()
Previously invalidated, but (transitively) depend on new invalidations:
	Set()
All newly invalidated sources after taking into account (previously) recompiled sources:Set()
Copy resource mappings: 
	(/Users/Rob/code/xdojo/artdojo/firstapp/conf/application.conf,/Users/Rob/code/xdojo/artdojo/firstapp/target/scala-2.11/classes/application.conf)
	(/Users/Rob/code/xdojo/artdojo/firstapp/conf/evolutions,/Users/Rob/code/xdojo/artdojo/firstapp/target/scala-2.11/classes/evolutions)
	(/Users/Rob/code/xdojo/artdojo/firstapp/conf/logback.xml,/Users/Rob/code/xdojo/artdojo/firstapp/target/scala-2.11/classes/logback.xml)
	(/Users/Rob/code/xdojo/artdojo/firstapp/conf/routes,/Users/Rob/code/xdojo/artdojo/firstapp/target/scala-2.11/classes/routes)
	(/Users/Rob/code/xdojo/artdojo/firstapp/conf/evolutions/default,/Users/Rob/code/xdojo/artdojo/firstapp/target/scala-2.11/classes/evolutions/default)
	(/Users/Rob/code/xdojo/artdojo/firstapp/conf/evolutions/default/1.sql,/Users/Rob/code/xdojo/artdojo/firstapp/target/scala-2.11/classes/evolutions/default/1.sql)
Total time: 1 s, completed Nov 18, 2015 5:21:42 PM
> server-post-command-cleanup
> server-handle-next-server-request
> compile
Evaluating tasks: compile:compile
Running task... Cancel: sbt.server.ServerTaskCancellation@34c59c59, check cycles: false
Invalidating /Users/Rob/code/xdojo/artdojo/firstapp/target/scala-2.11/classes/controllers/Application$Register.class: stamp changed from lastModified(1447885294000) to lastModified(1447885301000)

Initial source changes: 
	removed:Set()
	added: Set()
	modified: Set(/Users/Rob/code/xdojo/artdojo/firstapp/app/controllers/Application.java)
Removed products: Set()
External API changes: API Changes: Set()
Modified binary dependencies: Set(/Users/Rob/code/xdojo/artdojo/firstapp/target/scala-2.11/classes/controllers/Application$Register.class)
Initial directly invalidated sources: Set(/Users/Rob/code/xdojo/artdojo/firstapp/app/controllers/Application.java)

Sources indirectly invalidated by:
	product: Set()
	binary dep: Set(/Users/Rob/code/xdojo/artdojo/firstapp/app/controllers/Application.java)
	external source: Set()
All initially invalidated sources: Set(/Users/Rob/code/xdojo/artdojo/firstapp/app/controllers/Application.java)

Read from stdout: Compiling 1 Java source to /Users/Rob/code/xdojo/artdojo/firstapp/target/scala-2.11/classes...
Compiling 1 Java source to /Users/Rob/code/xdojo/artdojo/firstapp/target/scala-2.11/classes...
Attempting to call com.sun.tools.javac.api.JavacTool@7a6aa612 directly...
Read from stdout: /Users/Rob/code/xdojo/artdojo/firstapp/app/controllers/Application.java:68: ';' expected
/Users/Rob/code/xdojo/artdojo/firstapp/app/controllers/Application.java:68: ';' expected
Read from stdout: (compile:compileIncremental) javac returned nonzero exit code
(compile:compileIncremental) javac returned nonzero exit code
Total time: 0 s, completed Nov 18, 2015 5:22:32 PM
> server-post-command-error-handler
> server-post-command-cleanup
> server-handle-next-server-request
> compile
Evaluating tasks: compile:compile
Running task... Cancel: sbt.server.ServerTaskCancellation@4a392e46, check cycles: false
Invalidating /Users/Rob/code/xdojo/artdojo/firstapp/target/scala-2.11/classes/controllers/Application$Register.class: stamp changed from lastModified(1447885294000) to lastModified(1447885301000)

Initial source changes: 
	removed:Set()
	added: Set()
	modified: Set(/Users/Rob/code/xdojo/artdojo/firstapp/app/controllers/Application.java)
Removed products: Set()
External API changes: API Changes: Set()
Modified binary dependencies: Set(/Users/Rob/code/xdojo/artdojo/firstapp/target/scala-2.11/classes/controllers/Application$Register.class)
Initial directly invalidated sources: Set(/Users/Rob/code/xdojo/artdojo/firstapp/app/controllers/Application.java)

Sources indirectly invalidated by:
	product: Set()
	binary dep: Set(/Users/Rob/code/xdojo/artdojo/firstapp/app/controllers/Application.java)
	external source: Set()
All initially invalidated sources: Set(/Users/Rob/code/xdojo/artdojo/firstapp/app/controllers/Application.java)

Read from stdout: Compiling 1 Java source to /Users/Rob/code/xdojo/artdojo/firstapp/target/scala-2.11/classes...
Compiling 1 Java source to /Users/Rob/code/xdojo/artdojo/firstapp/target/scala-2.11/classes...
Attempting to call com.sun.tools.javac.api.JavacTool@1dd1a51f directly...
Java compilation took 0.27552559 s
Java analysis took 0.051472875 s
Java compile + analysis took 0.329968068 s
New invalidations:
	Set()
Initial set of included nodes: Set()
Previously invalidated, but (transitively) depend on new invalidations:
	Set()
All newly invalidated sources after taking into account (previously) recompiled sources:Set()
Total time: 0 s, completed Nov 18, 2015 5:22:34 PM
> server-post-command-cleanup
> server-handle-next-server-request
> jobStop 5
Evaluating tasks: *:jobStop
Running task... Cancel: sbt.server.ServerTaskCancellation@841611f, check cycles: false
Total time: 0 s, completed Nov 18, 2015 5:22:34 PM
> server-post-command-cleanup
> server-handle-next-server-request
> backgroundRun
Evaluating tasks: compile:backgroundRun
Running task... Cancel: sbt.server.ServerTaskCancellation@a5958ea, check cycles: false
Total time: 0 s, completed Nov 18, 2015 5:22:34 PM
> server-post-command-cleanup
> server-handle-next-server-request
> {file:/Users/Rob/code/xdojo/artdojo/firstapp/}root/*:playForkConfig
Evaluating tasks: *:playForkConfig
Running task... Cancel: sbt.server.ServerTaskCancellation@220523af, check cycles: false
Total time: 0 s, completed Nov 18, 2015 5:22:36 PM
> server-post-command-cleanup
> server-handle-next-server-request
> root/playForkNotifyStart http://localhost:9000
Evaluating tasks: *:playForkNotifyStart
Running task... Cancel: sbt.server.ServerTaskCancellation@79b859bd, check cycles: false
Total time: 0 s, completed Nov 18, 2015 5:22:37 PM
> server-post-command-cleanup
> server-handle-next-server-request
> {file:/Users/Rob/code/xdojo/artdojo/firstapp/}root/*:playForkReload
Evaluating tasks: *:playForkReload
Running task... Cancel: sbt.server.ServerTaskCancellation@59478267, check cycles: false
Invalidating /Users/Rob/code/xdojo/artdojo/firstapp/target/scala-2.11/classes/controllers/Application$Register.class: stamp changed from lastModified(1447885301000) to lastModified(1447885354000)

Initial source changes: 
	removed:Set()
	added: Set()
	modified: Set()
Removed products: Set()
External API changes: API Changes: Set()
Modified binary dependencies: Set(/Users/Rob/code/xdojo/artdojo/firstapp/target/scala-2.11/classes/controllers/Application$Register.class)
Initial directly invalidated sources: Set()

Sources indirectly invalidated by:
	product: Set()
	binary dep: Set(/Users/Rob/code/xdojo/artdojo/firstapp/app/controllers/Application.java)
	external source: Set()
All initially invalidated sources: Set(/Users/Rob/code/xdojo/artdojo/firstapp/app/controllers/Application.java)

Read from stdout: Compiling 1 Java source to /Users/Rob/code/xdojo/artdojo/firstapp/target/scala-2.11/classes...
Compiling 1 Java source to /Users/Rob/code/xdojo/artdojo/firstapp/target/scala-2.11/classes...
Attempting to call com.sun.tools.javac.api.JavacTool@87996b5 directly...
Java compilation took 0.057517691 s
Java analysis took 0.045186187 s
Java compile + analysis took 0.105918354 s
New invalidations:
	Set()
Initial set of included nodes: Set()
Previously invalidated, but (transitively) depend on new invalidations:
	Set()
All newly invalidated sources after taking into account (previously) recompiled sources:Set()
Copy resource mappings: 
	(/Users/Rob/code/xdojo/artdojo/firstapp/conf/application.conf,/Users/Rob/code/xdojo/artdojo/firstapp/target/scala-2.11/classes/application.conf)
	(/Users/Rob/code/xdojo/artdojo/firstapp/conf/evolutions,/Users/Rob/code/xdojo/artdojo/firstapp/target/scala-2.11/classes/evolutions)
	(/Users/Rob/code/xdojo/artdojo/firstapp/conf/logback.xml,/Users/Rob/code/xdojo/artdojo/firstapp/target/scala-2.11/classes/logback.xml)
	(/Users/Rob/code/xdojo/artdojo/firstapp/conf/routes,/Users/Rob/code/xdojo/artdojo/firstapp/target/scala-2.11/classes/routes)
	(/Users/Rob/code/xdojo/artdojo/firstapp/conf/evolutions/default,/Users/Rob/code/xdojo/artdojo/firstapp/target/scala-2.11/classes/evolutions/default)
	(/Users/Rob/code/xdojo/artdojo/firstapp/conf/evolutions/default/1.sql,/Users/Rob/code/xdojo/artdojo/firstapp/target/scala-2.11/classes/evolutions/default/1.sql)
Total time: 0 s, completed Nov 18, 2015 5:22:50 PM
> server-post-command-cleanup
> server-handle-next-server-request
